C:\Program Files (x86)\Microsoft Visual Studio\2017\Community\Common7\IDE\VC\VCTargets\Microsoft.CppBuild.targets(391,5): warning MSB8028: The intermediate directory (Release\) contains files shared from another project (HolaOpenGL.vcxproj, Proyecto.vcxproj).  This can lead to incorrect clean and rebuild behavior.
  Global.cpp
c:\users\rarj1\documents\trabajos\yo\carreras\holaopengl\tools.h(32): warning C4305: 'initializing': truncation from 'double' to 'const GLfloat'
c:\users\rarj1\documents\trabajos\yo\carreras\holaopengl\tools.h(33): warning C4305: 'initializing': truncation from 'double' to 'const GLfloat'
c:\users\rarj1\documents\trabajos\yo\carreras\holaopengl\tools.h(38): warning C4305: 'initializing': truncation from 'double' to 'const GLfloat'
c:\users\rarj1\documents\trabajos\yo\carreras\holaopengl\tools.h(39): warning C4305: 'initializing': truncation from 'double' to 'const GLfloat'
c:\users\rarj1\documents\trabajos\yo\carreras\holaopengl\tools.h(41): warning C4305: 'initializing': truncation from 'double' to 'const GLfloat'
c:\users\rarj1\documents\trabajos\yo\carreras\holaopengl\propiedades.h(16): warning C4305: 'argument': truncation from 'double' to 'GLfloat'
c:\users\rarj1\documents\trabajos\yo\carreras\holaopengl\propiedades.h(34): warning C4305: 'argument': truncation from 'double' to 'GLfloat'
c:\users\rarj1\documents\trabajos\yo\carreras\holaopengl\propiedades.h(42): warning C4305: 'argument': truncation from 'double' to 'GLfloat'
c:\users\rarj1\documents\trabajos\yo\carreras\holaopengl\propiedades.h(107): warning C4091: 'static ': ignored on left of 'Texto' when no variable is declared
c:\users\rarj1\documents\trabajos\yo\carreras\holaopengl\juego.h(71): warning C4305: 'argument': truncation from 'double' to 'GLfloat'
c:\users\rarj1\documents\trabajos\yo\carreras\holaopengl\juego.h(72): warning C4305: 'argument': truncation from 'double' to 'GLfloat'
c:\users\rarj1\documents\trabajos\yo\carreras\holaopengl\juego.h(74): warning C4305: 'argument': truncation from 'double' to 'GLfloat'
c:\users\rarj1\documents\trabajos\yo\carreras\holaopengl\juego.h(140): warning C4305: 'initializing': truncation from 'double' to 'float'
c:\users\rarj1\documents\trabajos\yo\carreras\holaopengl\juego.h(191): warning C4305: 'argument': truncation from 'double' to 'GLfloat'
c:\users\rarj1\documents\trabajos\yo\carreras\holaopengl\juego.h(226): warning C4305: 'argument': truncation from 'double' to 'GLfloat'
c:\users\rarj1\documents\trabajos\yo\carreras\holaopengl\juego.h(228): warning C4305: 'initializing': truncation from 'double' to 'float'
c:\users\rarj1\documents\trabajos\yo\carreras\holaopengl\juego.h(229): warning C4305: 'initializing': truncation from 'double' to 'float'
c:\users\rarj1\documents\trabajos\yo\carreras\holaopengl\juego.h(231): warning C4305: 'initializing': truncation from 'double' to 'float'
c:\users\rarj1\documents\trabajos\yo\carreras\holaopengl\juego.h(233): warning C4305: 'initializing': truncation from 'double' to 'float'
c:\users\rarj1\documents\trabajos\yo\carreras\holaopengl\juego.h(236): warning C4305: 'initializing': truncation from 'double' to 'float'
c:\users\rarj1\documents\trabajos\yo\carreras\holaopengl\juego.h(248): warning C4305: 'initializing': truncation from 'double' to 'float'
c:\users\rarj1\documents\trabajos\yo\carreras\holaopengl\global.cpp(22): warning C4305: 'argument': truncation from 'double' to 'GLclampf'
c:\users\rarj1\documents\trabajos\yo\carreras\holaopengl\global.cpp(52): warning C4305: 'argument': truncation from 'double' to 'GLfloat'
c:\users\rarj1\documents\trabajos\yo\carreras\holaopengl\global.cpp(144): warning C4244: 'initializing': conversion from 'double' to 'float', possible loss of data
  Generating code
  2 of 131 functions ( 1.5%) were compiled, the rest were copied from previous compilation.
    0 functions were new in current compilation
    2 functions had inline decision re-evaluated but remain unchanged
  Finished generating code
  HolaOpenGL.vcxproj -> C:\Users\rarj1\Documents\Trabajos\Yo\Carreras\HolaOpenGL\Carreras.exe
